<?xml version="1.0" encoding="UTF-8"?>
<!-- Generated by org.testng.reporters.JUnitXMLReporter -->
<testsuite hostname="HEU-PEDRO-PRADIITA" failures="0" tests="7" name="LoginDoctorPage" time="160.377" errors="0" timestamp="7 Nov 2021 02:07:42 GMT">
  <testcase classname="script.LoginDoctorTest" name="ForgotPinTextLink" time="1.452"/>
  <testcase classname="script.LoginDoctorTest" name="LoginAlertInvalid" time="0.512"/>
  <testcase classname="script.LoginDoctorTest" name="LoginAlertMismatch" time="1.116"/>
  <testcase classname="script.LoginDoctorTest" name="LoginAlertNull" time="0.261"/>
  <testcase classname="script.LoginDoctorTest" name="LoginAlertSuspend" time="3.355"/>
  <testcase classname="script.LoginDoctorTest" name="LoginAlertUserInvalid" time="0.784"/>
  <testcase classname="script.LoginDoctorTest" name="WaitingActivation" time="0.979"/>
</testsuite> <!-- LoginDoctorPage -->
