<?xml version="1.0" encoding="UTF-8"?>
<!-- Generated by org.testng.reporters.JUnitXMLReporter -->
<testsuite hostname="HEU-PEDRO-PRADIITA" name="LoginPage" tests="5" failures="0" timestamp="14 Nov 2021 22:41:31 GMT" time="57.067" errors="0">
  <testcase name="ForgotLink" time="1.581" classname="script.LoginTest"/>
  <testcase name="HelpLink" time="1.984" classname="script.LoginTest"/>
  <testcase name="LoginAlertBelumTerdaftar" time="0.953" classname="script.LoginTest"/>
  <testcase name="LoginAlertInvalid" time="1.393" classname="script.LoginTest"/>
  <testcase name="LoginAlertNull" time="1.662" classname="script.LoginTest"/>
</testsuite> <!-- LoginPage -->
