<?xml version="1.0" encoding="UTF-8"?>
<!-- Generated by org.testng.reporters.JUnitXMLReporter -->
<testsuite hostname="HEU-PEDRO-PRADIITA" name="RegisterPage" tests="11" failures="0" timestamp="14 Nov 2021 22:43:40 GMT" time="129.051" errors="0">
  <testcase name="HelpLink" time="2.596" classname="script.RegisterTest"/>
  <testcase name="PrivacyLink" time="1.429" classname="script.RegisterTest"/>
  <testcase name="RegisterAlertInvalid" time="0.13" classname="script.RegisterTest"/>
  <testcase name="RegisterAlertNull" time="0.172" classname="script.RegisterTest"/>
  <testcase name="RegisterAlertPhoneLong" time="0.185" classname="script.RegisterTest"/>
  <testcase name="RegisterAlertPhoneShort" time="0.135" classname="script.RegisterTest"/>
  <testcase name="RegisterLogo" time="0.083" classname="script.RegisterTest"/>
  <testcase name="RegisterUrl" time="0.344" classname="script.RegisterTest"/>
  <testcase name="RegisterVerificationPopup" time="1.023" classname="script.RegisterTest"/>
  <testcase name="TermLink" time="1.186" classname="script.RegisterTest"/>
  <testcase name="VerificationEmail" time="3.607" classname="script.RegisterTest"/>
</testsuite> <!-- RegisterPage -->
